{"timestamp": "2026-01-30T16:52:20.447812+00:00", "level": "INFO", "logger": "waveos.cli", "message": "authz principal=local-user role=operator permission=run_pipeline allowed=True"}
{"timestamp": "2026-01-30T16:52:20.856815+00:00", "level": "INFO", "logger": "waveos.cli", "message": "authz principal=local-user role=operator permission=run_pipeline allowed=True"}
{"timestamp": "2026-01-30T16:52:20.861407+00:00", "level": "INFO", "logger": "waveos.actuator", "message": "Actuator action=ActionType.REROUTE entity=link/link-2 rationale=Link health is FAIL; recommend reroute."}
{"timestamp": "2026-01-30T16:52:20.861629+00:00", "level": "INFO", "logger": "waveos.actuator", "message": "Actuator action=ActionType.RATE_LIMIT entity=link/link-2 rationale=Degraded link; reduce load to stabilize."}
{"timestamp": "2026-01-30T16:52:20.861734+00:00", "level": "INFO", "logger": "waveos.actuator", "message": "Actuator action=ActionType.REROUTE entity=link/link-3 rationale=Link health is FAIL; recommend reroute."}
{"timestamp": "2026-01-30T16:52:20.861945+00:00", "level": "INFO", "logger": "waveos.actuator", "message": "Actuator action=ActionType.RATE_LIMIT entity=link/link-3 rationale=Degraded link; reduce load to stabilize."}
{"timestamp": "2026-01-30T16:52:20.862048+00:00", "level": "INFO", "logger": "waveos.actuator", "message": "Actuator action=ActionType.POWER_THERMAL_CONSTRAINT entity=link/link-3 rationale=Temperature drift detected; apply thermal constraints."}
{"timestamp": "2026-01-30T16:52:20.862132+00:00", "level": "INFO", "logger": "waveos.actuator", "message": "Actuator action=ActionType.REROUTE entity=link/link-4 rationale=Link health is FAIL; recommend reroute."}
{"timestamp": "2026-01-30T16:52:20.862204+00:00", "level": "INFO", "logger": "waveos.actuator", "message": "Actuator action=ActionType.RATE_LIMIT entity=link/link-4 rationale=Degraded link; reduce load to stabilize."}
{"timestamp": "2026-01-30T16:52:21.207213+00:00", "level": "INFO", "logger": "waveos.cli", "message": "authz principal=local-user role=operator permission=view_reports allowed=True"}
{"timestamp": "2026-01-30T16:53:14.328648+00:00", "level": "INFO", "logger": "waveos.cli", "message": "authz principal=local-user role=operator permission=run_pipeline allowed=True"}
{"timestamp": "2026-01-30T16:53:14.637048+00:00", "level": "INFO", "logger": "waveos.cli", "message": "authz principal=local-user role=operator permission=run_pipeline allowed=True"}
{"timestamp": "2026-01-30T16:53:14.642444+00:00", "level": "INFO", "logger": "waveos.actuator", "message": "Actuator action=ActionType.REROUTE entity=link/link-2 rationale=Link health is FAIL; recommend reroute."}
{"timestamp": "2026-01-30T16:53:14.642619+00:00", "level": "INFO", "logger": "waveos.actuator", "message": "Actuator action=ActionType.RATE_LIMIT entity=link/link-2 rationale=Degraded link; reduce load to stabilize."}
{"timestamp": "2026-01-30T16:53:14.642729+00:00", "level": "INFO", "logger": "waveos.actuator", "message": "Actuator action=ActionType.REROUTE entity=link/link-3 rationale=Link health is FAIL; recommend reroute."}
{"timestamp": "2026-01-30T16:53:14.642827+00:00", "level": "INFO", "logger": "waveos.actuator", "message": "Actuator action=ActionType.RATE_LIMIT entity=link/link-3 rationale=Degraded link; reduce load to stabilize."}
{"timestamp": "2026-01-30T16:53:14.642920+00:00", "level": "INFO", "logger": "waveos.actuator", "message": "Actuator action=ActionType.POWER_THERMAL_CONSTRAINT entity=link/link-3 rationale=Temperature drift detected; apply thermal constraints."}
{"timestamp": "2026-01-30T16:53:14.643152+00:00", "level": "INFO", "logger": "waveos.actuator", "message": "Actuator action=ActionType.REROUTE entity=link/link-4 rationale=Link health is FAIL; recommend reroute."}
{"timestamp": "2026-01-30T16:53:14.643246+00:00", "level": "INFO", "logger": "waveos.actuator", "message": "Actuator action=ActionType.RATE_LIMIT entity=link/link-4 rationale=Degraded link; reduce load to stabilize."}
{"timestamp": "2026-01-30T16:53:15.015991+00:00", "level": "INFO", "logger": "waveos.cli", "message": "authz principal=local-user role=operator permission=view_reports allowed=True"}
{"timestamp": "2026-01-30T16:56:16.982938+00:00", "level": "INFO", "logger": "waveos.cli", "message": "authz principal=local-user role=operator permission=run_pipeline allowed=True"}
{"timestamp": "2026-01-30T16:56:17.312753+00:00", "level": "INFO", "logger": "waveos.cli", "message": "authz principal=local-user role=operator permission=run_pipeline allowed=True"}
{"timestamp": "2026-01-30T16:56:17.317086+00:00", "level": "INFO", "logger": "waveos.actuator", "message": "Actuator action=ActionType.REROUTE entity=link/link-2 rationale=Link health is FAIL; recommend reroute."}
{"timestamp": "2026-01-30T16:56:17.317275+00:00", "level": "INFO", "logger": "waveos.actuator", "message": "Actuator action=ActionType.RATE_LIMIT entity=link/link-2 rationale=Degraded link; reduce load to stabilize."}
{"timestamp": "2026-01-30T16:56:17.317365+00:00", "level": "INFO", "logger": "waveos.actuator", "message": "Actuator action=ActionType.REROUTE entity=link/link-3 rationale=Link health is FAIL; recommend reroute."}
{"timestamp": "2026-01-30T16:56:17.317441+00:00", "level": "INFO", "logger": "waveos.actuator", "message": "Actuator action=ActionType.RATE_LIMIT entity=link/link-3 rationale=Degraded link; reduce load to stabilize."}
{"timestamp": "2026-01-30T16:56:17.317511+00:00", "level": "INFO", "logger": "waveos.actuator", "message": "Actuator action=ActionType.POWER_THERMAL_CONSTRAINT entity=link/link-3 rationale=Temperature drift detected; apply thermal constraints."}
{"timestamp": "2026-01-30T16:56:17.317579+00:00", "level": "INFO", "logger": "waveos.actuator", "message": "Actuator action=ActionType.REROUTE entity=link/link-4 rationale=Link health is FAIL; recommend reroute."}
{"timestamp": "2026-01-30T16:56:17.317643+00:00", "level": "INFO", "logger": "waveos.actuator", "message": "Actuator action=ActionType.RATE_LIMIT entity=link/link-4 rationale=Degraded link; reduce load to stabilize."}
{"timestamp": "2026-01-30T16:56:17.630386+00:00", "level": "INFO", "logger": "waveos.cli", "message": "authz principal=local-user role=operator permission=view_reports allowed=True"}
{"timestamp": "2026-01-30T17:13:46.736759+00:00", "level": "INFO", "logger": "waveos.cli", "message": "authz principal=local-user role=operator permission=run_pipeline allowed=True"}
{"timestamp": "2026-01-30T17:13:47.070598+00:00", "level": "INFO", "logger": "waveos.cli", "message": "authz principal=local-user role=operator permission=run_pipeline allowed=True"}
{"timestamp": "2026-01-30T17:13:47.076822+00:00", "level": "INFO", "logger": "waveos.actuator", "message": "Actuator action=ActionType.REROUTE entity=link/link-2 rationale=Link health is FAIL; recommend reroute."}
{"timestamp": "2026-01-30T17:13:47.077026+00:00", "level": "INFO", "logger": "waveos.actuator", "message": "Actuator action=ActionType.RATE_LIMIT entity=link/link-2 rationale=Degraded link; reduce load to stabilize."}
{"timestamp": "2026-01-30T17:13:47.077210+00:00", "level": "INFO", "logger": "waveos.actuator", "message": "Actuator action=ActionType.REROUTE entity=link/link-3 rationale=Link health is FAIL; recommend reroute."}
{"timestamp": "2026-01-30T17:13:47.077318+00:00", "level": "INFO", "logger": "waveos.actuator", "message": "Actuator action=ActionType.RATE_LIMIT entity=link/link-3 rationale=Degraded link; reduce load to stabilize."}
{"timestamp": "2026-01-30T17:13:47.077419+00:00", "level": "INFO", "logger": "waveos.actuator", "message": "Actuator action=ActionType.POWER_THERMAL_CONSTRAINT entity=link/link-3 rationale=Temperature drift detected; apply thermal constraints."}
{"timestamp": "2026-01-30T17:13:47.077571+00:00", "level": "INFO", "logger": "waveos.actuator", "message": "Actuator action=ActionType.REROUTE entity=link/link-4 rationale=Link health is FAIL; recommend reroute."}
{"timestamp": "2026-01-30T17:13:47.077737+00:00", "level": "INFO", "logger": "waveos.actuator", "message": "Actuator action=ActionType.RATE_LIMIT entity=link/link-4 rationale=Degraded link; reduce load to stabilize."}
{"timestamp": "2026-01-30T17:15:50.998120+00:00", "level": "INFO", "logger": "waveos.cli", "message": "authz principal=local-user role=operator permission=run_pipeline allowed=True"}
{"timestamp": "2026-01-30T17:15:51.006087+00:00", "level": "INFO", "logger": "waveos.actuator", "message": "Actuator action=ActionType.REROUTE entity=link/link-2 rationale=Link health is FAIL; recommend reroute."}
{"timestamp": "2026-01-30T17:15:51.006383+00:00", "level": "INFO", "logger": "waveos.actuator", "message": "Actuator action=ActionType.RATE_LIMIT entity=link/link-2 rationale=Degraded link; reduce load to stabilize."}
{"timestamp": "2026-01-30T17:15:51.006527+00:00", "level": "INFO", "logger": "waveos.actuator", "message": "Actuator action=ActionType.REROUTE entity=link/link-3 rationale=Link health is FAIL; recommend reroute."}
{"timestamp": "2026-01-30T17:15:51.006619+00:00", "level": "INFO", "logger": "waveos.actuator", "message": "Actuator action=ActionType.RATE_LIMIT entity=link/link-3 rationale=Degraded link; reduce load to stabilize."}
{"timestamp": "2026-01-30T17:15:51.006703+00:00", "level": "INFO", "logger": "waveos.actuator", "message": "Actuator action=ActionType.POWER_THERMAL_CONSTRAINT entity=link/link-3 rationale=Temperature drift detected; apply thermal constraints."}
{"timestamp": "2026-01-30T17:15:51.006785+00:00", "level": "INFO", "logger": "waveos.actuator", "message": "Actuator action=ActionType.REROUTE entity=link/link-4 rationale=Link health is FAIL; recommend reroute."}
{"timestamp": "2026-01-30T17:15:51.006864+00:00", "level": "INFO", "logger": "waveos.actuator", "message": "Actuator action=ActionType.RATE_LIMIT entity=link/link-4 rationale=Degraded link; reduce load to stabilize."}
{"timestamp": "2026-01-30T17:16:29.339889+00:00", "level": "INFO", "logger": "waveos.cli", "message": "authz principal=local-user role=operator permission=run_pipeline allowed=True"}
{"timestamp": "2026-01-30T17:16:29.347046+00:00", "level": "INFO", "logger": "waveos.actuator", "message": "Actuator action=ActionType.REROUTE entity=link/link-2 rationale=Link health is FAIL; recommend reroute."}
{"timestamp": "2026-01-30T17:16:29.347250+00:00", "level": "INFO", "logger": "waveos.actuator", "message": "Actuator action=ActionType.RATE_LIMIT entity=link/link-2 rationale=Degraded link; reduce load to stabilize."}
{"timestamp": "2026-01-30T17:16:29.347344+00:00", "level": "INFO", "logger": "waveos.actuator", "message": "Actuator action=ActionType.REROUTE entity=link/link-3 rationale=Link health is FAIL; recommend reroute."}
{"timestamp": "2026-01-30T17:16:29.347433+00:00", "level": "INFO", "logger": "waveos.actuator", "message": "Actuator action=ActionType.RATE_LIMIT entity=link/link-3 rationale=Degraded link; reduce load to stabilize."}
{"timestamp": "2026-01-30T17:16:29.347544+00:00", "level": "INFO", "logger": "waveos.actuator", "message": "Actuator action=ActionType.POWER_THERMAL_CONSTRAINT entity=link/link-3 rationale=Temperature drift detected; apply thermal constraints."}
{"timestamp": "2026-01-30T17:16:29.347617+00:00", "level": "INFO", "logger": "waveos.actuator", "message": "Actuator action=ActionType.REROUTE entity=link/link-4 rationale=Link health is FAIL; recommend reroute."}
{"timestamp": "2026-01-30T17:16:29.347688+00:00", "level": "INFO", "logger": "waveos.actuator", "message": "Actuator action=ActionType.RATE_LIMIT entity=link/link-4 rationale=Degraded link; reduce load to stabilize."}
{"timestamp": "2026-01-30T17:16:29.359429+00:00", "level": "INFO", "logger": "waveos.cli", "message": "Sleeping for 5 seconds before next run"}
{"timestamp": "2026-01-30T17:16:34.364174+00:00", "level": "INFO", "logger": "waveos.cli", "message": "authz principal=local-user role=operator permission=run_pipeline allowed=True"}
{"timestamp": "2026-01-30T17:16:34.369895+00:00", "level": "INFO", "logger": "waveos.actuator", "message": "Actuator action=ActionType.REROUTE entity=link/link-2 rationale=Link health is FAIL; recommend reroute."}
{"timestamp": "2026-01-30T17:16:34.370107+00:00", "level": "INFO", "logger": "waveos.actuator", "message": "Actuator action=ActionType.RATE_LIMIT entity=link/link-2 rationale=Degraded link; reduce load to stabilize."}
{"timestamp": "2026-01-30T17:16:34.370346+00:00", "level": "INFO", "logger": "waveos.actuator", "message": "Actuator action=ActionType.REROUTE entity=link/link-3 rationale=Link health is FAIL; recommend reroute."}
{"timestamp": "2026-01-30T17:16:34.370514+00:00", "level": "INFO", "logger": "waveos.actuator", "message": "Actuator action=ActionType.RATE_LIMIT entity=link/link-3 rationale=Degraded link; reduce load to stabilize."}
{"timestamp": "2026-01-30T17:16:34.370620+00:00", "level": "INFO", "logger": "waveos.actuator", "message": "Actuator action=ActionType.POWER_THERMAL_CONSTRAINT entity=link/link-3 rationale=Temperature drift detected; apply thermal constraints."}
{"timestamp": "2026-01-30T17:16:34.370817+00:00", "level": "INFO", "logger": "waveos.actuator", "message": "Actuator action=ActionType.REROUTE entity=link/link-4 rationale=Link health is FAIL; recommend reroute."}
{"timestamp": "2026-01-30T17:16:34.370963+00:00", "level": "INFO", "logger": "waveos.actuator", "message": "Actuator action=ActionType.RATE_LIMIT entity=link/link-4 rationale=Degraded link; reduce load to stabilize."}
{"timestamp": "2026-01-30T17:16:34.381951+00:00", "level": "INFO", "logger": "waveos.cli", "message": "Sleeping for 5 seconds before next run"}
{"timestamp": "2026-01-30T17:16:39.386967+00:00", "level": "INFO", "logger": "waveos.cli", "message": "authz principal=local-user role=operator permission=run_pipeline allowed=True"}
{"timestamp": "2026-01-30T17:16:39.392546+00:00", "level": "INFO", "logger": "waveos.actuator", "message": "Actuator action=ActionType.REROUTE entity=link/link-2 rationale=Link health is FAIL; recommend reroute."}
{"timestamp": "2026-01-30T17:16:39.392940+00:00", "level": "INFO", "logger": "waveos.actuator", "message": "Actuator action=ActionType.RATE_LIMIT entity=link/link-2 rationale=Degraded link; reduce load to stabilize."}
{"timestamp": "2026-01-30T17:16:39.393225+00:00", "level": "INFO", "logger": "waveos.actuator", "message": "Actuator action=ActionType.REROUTE entity=link/link-3 rationale=Link health is FAIL; recommend reroute."}
{"timestamp": "2026-01-30T17:16:39.393335+00:00", "level": "INFO", "logger": "waveos.actuator", "message": "Actuator action=ActionType.RATE_LIMIT entity=link/link-3 rationale=Degraded link; reduce load to stabilize."}
{"timestamp": "2026-01-30T17:16:39.393432+00:00", "level": "INFO", "logger": "waveos.actuator", "message": "Actuator action=ActionType.POWER_THERMAL_CONSTRAINT entity=link/link-3 rationale=Temperature drift detected; apply thermal constraints."}
{"timestamp": "2026-01-30T17:16:39.393536+00:00", "level": "INFO", "logger": "waveos.actuator", "message": "Actuator action=ActionType.REROUTE entity=link/link-4 rationale=Link health is FAIL; recommend reroute."}
{"timestamp": "2026-01-30T17:16:39.393628+00:00", "level": "INFO", "logger": "waveos.actuator", "message": "Actuator action=ActionType.RATE_LIMIT entity=link/link-4 rationale=Degraded link; reduce load to stabilize."}
{"timestamp": "2026-01-30T17:16:39.403667+00:00", "level": "INFO", "logger": "waveos.cli", "message": "Sleeping for 5 seconds before next run"}
{"timestamp": "2026-01-30T17:16:44.406613+00:00", "level": "INFO", "logger": "waveos.cli", "message": "authz principal=local-user role=operator permission=run_pipeline allowed=True"}
{"timestamp": "2026-01-30T17:16:44.412241+00:00", "level": "INFO", "logger": "waveos.actuator", "message": "Actuator action=ActionType.REROUTE entity=link/link-2 rationale=Link health is FAIL; recommend reroute."}
{"timestamp": "2026-01-30T17:16:44.412467+00:00", "level": "INFO", "logger": "waveos.actuator", "message": "Actuator action=ActionType.RATE_LIMIT entity=link/link-2 rationale=Degraded link; reduce load to stabilize."}
{"timestamp": "2026-01-30T17:16:44.413775+00:00", "level": "INFO", "logger": "waveos.actuator", "message": "Actuator action=ActionType.REROUTE entity=link/link-3 rationale=Link health is FAIL; recommend reroute."}
{"timestamp": "2026-01-30T17:16:44.414041+00:00", "level": "INFO", "logger": "waveos.actuator", "message": "Actuator action=ActionType.RATE_LIMIT entity=link/link-3 rationale=Degraded link; reduce load to stabilize."}
{"timestamp": "2026-01-30T17:16:44.414303+00:00", "level": "INFO", "logger": "waveos.actuator", "message": "Actuator action=ActionType.POWER_THERMAL_CONSTRAINT entity=link/link-3 rationale=Temperature drift detected; apply thermal constraints."}
{"timestamp": "2026-01-30T17:16:44.414467+00:00", "level": "INFO", "logger": "waveos.actuator", "message": "Actuator action=ActionType.REROUTE entity=link/link-4 rationale=Link health is FAIL; recommend reroute."}
{"timestamp": "2026-01-30T17:16:44.414688+00:00", "level": "INFO", "logger": "waveos.actuator", "message": "Actuator action=ActionType.RATE_LIMIT entity=link/link-4 rationale=Degraded link; reduce load to stabilize."}
{"timestamp": "2026-01-30T17:16:44.423703+00:00", "level": "INFO", "logger": "waveos.cli", "message": "Sleeping for 5 seconds before next run"}
{"timestamp": "2026-01-30T17:16:49.425406+00:00", "level": "INFO", "logger": "waveos.cli", "message": "authz principal=local-user role=operator permission=run_pipeline allowed=True"}
{"timestamp": "2026-01-30T17:16:49.429381+00:00", "level": "INFO", "logger": "waveos.actuator", "message": "Actuator action=ActionType.REROUTE entity=link/link-2 rationale=Link health is FAIL; recommend reroute."}
{"timestamp": "2026-01-30T17:16:49.429523+00:00", "level": "INFO", "logger": "waveos.actuator", "message": "Actuator action=ActionType.RATE_LIMIT entity=link/link-2 rationale=Degraded link; reduce load to stabilize."}
{"timestamp": "2026-01-30T17:16:49.429627+00:00", "level": "INFO", "logger": "waveos.actuator", "message": "Actuator action=ActionType.REROUTE entity=link/link-3 rationale=Link health is FAIL; recommend reroute."}
{"timestamp": "2026-01-30T17:16:49.429733+00:00", "level": "INFO", "logger": "waveos.actuator", "message": "Actuator action=ActionType.RATE_LIMIT entity=link/link-3 rationale=Degraded link; reduce load to stabilize."}
{"timestamp": "2026-01-30T17:16:49.429855+00:00", "level": "INFO", "logger": "waveos.actuator", "message": "Actuator action=ActionType.POWER_THERMAL_CONSTRAINT entity=link/link-3 rationale=Temperature drift detected; apply thermal constraints."}
{"timestamp": "2026-01-30T17:16:49.429994+00:00", "level": "INFO", "logger": "waveos.actuator", "message": "Actuator action=ActionType.REROUTE entity=link/link-4 rationale=Link health is FAIL; recommend reroute."}
{"timestamp": "2026-01-30T17:16:49.430061+00:00", "level": "INFO", "logger": "waveos.actuator", "message": "Actuator action=ActionType.RATE_LIMIT entity=link/link-4 rationale=Degraded link; reduce load to stabilize."}
{"timestamp": "2026-01-30T17:17:16.898836+00:00", "level": "INFO", "logger": "waveos.proxy", "message": "Proxy enabled mode=http_forward backpressure=True"}
{"timestamp": "2026-01-30T17:17:16.901839+00:00", "level": "INFO", "logger": "waveos.proxy", "message": "HTTP proxy listening on 127.0.0.1:9000 -> example.com:80"}
{"timestamp": "2026-01-30T17:17:42.092491+00:00", "level": "INFO", "logger": "waveos.cli", "message": "authz principal=local-user role=operator permission=run_pipeline allowed=True"}
{"timestamp": "2026-01-30T17:17:42.100852+00:00", "level": "INFO", "logger": "waveos.actuator", "message": "Actuator action=ActionType.REROUTE entity=link/link-2 rationale=Link health is FAIL; recommend reroute."}
{"timestamp": "2026-01-30T17:17:42.101018+00:00", "level": "INFO", "logger": "waveos.actuator", "message": "Actuator action=ActionType.RATE_LIMIT entity=link/link-2 rationale=Degraded link; reduce load to stabilize."}
{"timestamp": "2026-01-30T17:17:42.101103+00:00", "level": "INFO", "logger": "waveos.actuator", "message": "Actuator action=ActionType.REROUTE entity=link/link-3 rationale=Link health is FAIL; recommend reroute."}
{"timestamp": "2026-01-30T17:17:42.101176+00:00", "level": "INFO", "logger": "waveos.actuator", "message": "Actuator action=ActionType.RATE_LIMIT entity=link/link-3 rationale=Degraded link; reduce load to stabilize."}
{"timestamp": "2026-01-30T17:17:42.101244+00:00", "level": "INFO", "logger": "waveos.actuator", "message": "Actuator action=ActionType.POWER_THERMAL_CONSTRAINT entity=link/link-3 rationale=Temperature drift detected; apply thermal constraints."}
{"timestamp": "2026-01-30T17:17:42.101340+00:00", "level": "INFO", "logger": "waveos.actuator", "message": "Actuator action=ActionType.REROUTE entity=link/link-4 rationale=Link health is FAIL; recommend reroute."}
{"timestamp": "2026-01-30T17:17:42.101406+00:00", "level": "INFO", "logger": "waveos.actuator", "message": "Actuator action=ActionType.RATE_LIMIT entity=link/link-4 rationale=Degraded link; reduce load to stabilize."}
{"timestamp": "2026-01-30T17:17:42.113843+00:00", "level": "INFO", "logger": "waveos.cli", "message": "Sleeping for 5 seconds before next run"}
{"timestamp": "2026-01-30T17:17:47.117833+00:00", "level": "INFO", "logger": "waveos.cli", "message": "authz principal=local-user role=operator permission=run_pipeline allowed=True"}
{"timestamp": "2026-01-30T17:17:47.124913+00:00", "level": "INFO", "logger": "waveos.actuator", "message": "Actuator action=ActionType.REROUTE entity=link/link-2 rationale=Link health is FAIL; recommend reroute."}
{"timestamp": "2026-01-30T17:17:47.125273+00:00", "level": "INFO", "logger": "waveos.actuator", "message": "Actuator action=ActionType.RATE_LIMIT entity=link/link-2 rationale=Degraded link; reduce load to stabilize."}
{"timestamp": "2026-01-30T17:17:47.125580+00:00", "level": "INFO", "logger": "waveos.actuator", "message": "Actuator action=ActionType.REROUTE entity=link/link-3 rationale=Link health is FAIL; recommend reroute."}
{"timestamp": "2026-01-30T17:17:47.125901+00:00", "level": "INFO", "logger": "waveos.actuator", "message": "Actuator action=ActionType.RATE_LIMIT entity=link/link-3 rationale=Degraded link; reduce load to stabilize."}
{"timestamp": "2026-01-30T17:17:47.126163+00:00", "level": "INFO", "logger": "waveos.actuator", "message": "Actuator action=ActionType.POWER_THERMAL_CONSTRAINT entity=link/link-3 rationale=Temperature drift detected; apply thermal constraints."}
{"timestamp": "2026-01-30T17:17:47.126519+00:00", "level": "INFO", "logger": "waveos.actuator", "message": "Actuator action=ActionType.REROUTE entity=link/link-4 rationale=Link health is FAIL; recommend reroute."}
{"timestamp": "2026-01-30T17:17:47.126801+00:00", "level": "INFO", "logger": "waveos.actuator", "message": "Actuator action=ActionType.RATE_LIMIT entity=link/link-4 rationale=Degraded link; reduce load to stabilize."}
{"timestamp": "2026-01-30T17:17:47.139967+00:00", "level": "INFO", "logger": "waveos.cli", "message": "Sleeping for 5 seconds before next run"}
{"timestamp": "2026-01-30T17:17:52.140864+00:00", "level": "INFO", "logger": "waveos.cli", "message": "authz principal=local-user role=operator permission=run_pipeline allowed=True"}
{"timestamp": "2026-01-30T17:17:52.146809+00:00", "level": "INFO", "logger": "waveos.actuator", "message": "Actuator action=ActionType.REROUTE entity=link/link-2 rationale=Link health is FAIL; recommend reroute."}
{"timestamp": "2026-01-30T17:17:52.147177+00:00", "level": "INFO", "logger": "waveos.actuator", "message": "Actuator action=ActionType.RATE_LIMIT entity=link/link-2 rationale=Degraded link; reduce load to stabilize."}
{"timestamp": "2026-01-30T17:17:52.147422+00:00", "level": "INFO", "logger": "waveos.actuator", "message": "Actuator action=ActionType.REROUTE entity=link/link-3 rationale=Link health is FAIL; recommend reroute."}
{"timestamp": "2026-01-30T17:17:52.147568+00:00", "level": "INFO", "logger": "waveos.actuator", "message": "Actuator action=ActionType.RATE_LIMIT entity=link/link-3 rationale=Degraded link; reduce load to stabilize."}
{"timestamp": "2026-01-30T17:17:52.147691+00:00", "level": "INFO", "logger": "waveos.actuator", "message": "Actuator action=ActionType.POWER_THERMAL_CONSTRAINT entity=link/link-3 rationale=Temperature drift detected; apply thermal constraints."}
{"timestamp": "2026-01-30T17:17:52.147790+00:00", "level": "INFO", "logger": "waveos.actuator", "message": "Actuator action=ActionType.REROUTE entity=link/link-4 rationale=Link health is FAIL; recommend reroute."}
{"timestamp": "2026-01-30T17:17:52.148077+00:00", "level": "INFO", "logger": "waveos.actuator", "message": "Actuator action=ActionType.RATE_LIMIT entity=link/link-4 rationale=Degraded link; reduce load to stabilize."}
{"timestamp": "2026-01-30T17:17:52.161176+00:00", "level": "INFO", "logger": "waveos.cli", "message": "Sleeping for 5 seconds before next run"}
{"timestamp": "2026-01-30T17:17:57.162646+00:00", "level": "INFO", "logger": "waveos.cli", "message": "authz principal=local-user role=operator permission=run_pipeline allowed=True"}
{"timestamp": "2026-01-30T17:17:57.168666+00:00", "level": "INFO", "logger": "waveos.actuator", "message": "Actuator action=ActionType.REROUTE entity=link/link-2 rationale=Link health is FAIL; recommend reroute."}
{"timestamp": "2026-01-30T17:17:57.168915+00:00", "level": "INFO", "logger": "waveos.actuator", "message": "Actuator action=ActionType.RATE_LIMIT entity=link/link-2 rationale=Degraded link; reduce load to stabilize."}
{"timestamp": "2026-01-30T17:17:57.169115+00:00", "level": "INFO", "logger": "waveos.actuator", "message": "Actuator action=ActionType.REROUTE entity=link/link-3 rationale=Link health is FAIL; recommend reroute."}
{"timestamp": "2026-01-30T17:17:57.169319+00:00", "level": "INFO", "logger": "waveos.actuator", "message": "Actuator action=ActionType.RATE_LIMIT entity=link/link-3 rationale=Degraded link; reduce load to stabilize."}
{"timestamp": "2026-01-30T17:17:57.169471+00:00", "level": "INFO", "logger": "waveos.actuator", "message": "Actuator action=ActionType.POWER_THERMAL_CONSTRAINT entity=link/link-3 rationale=Temperature drift detected; apply thermal constraints."}
{"timestamp": "2026-01-30T17:17:57.169577+00:00", "level": "INFO", "logger": "waveos.actuator", "message": "Actuator action=ActionType.REROUTE entity=link/link-4 rationale=Link health is FAIL; recommend reroute."}
{"timestamp": "2026-01-30T17:17:57.169679+00:00", "level": "INFO", "logger": "waveos.actuator", "message": "Actuator action=ActionType.RATE_LIMIT entity=link/link-4 rationale=Degraded link; reduce load to stabilize."}
{"timestamp": "2026-01-30T17:17:57.183377+00:00", "level": "INFO", "logger": "waveos.cli", "message": "Sleeping for 5 seconds before next run"}
{"timestamp": "2026-01-30T17:18:02.184377+00:00", "level": "INFO", "logger": "waveos.cli", "message": "authz principal=local-user role=operator permission=run_pipeline allowed=True"}
{"timestamp": "2026-01-30T17:18:02.190517+00:00", "level": "INFO", "logger": "waveos.actuator", "message": "Actuator action=ActionType.REROUTE entity=link/link-2 rationale=Link health is FAIL; recommend reroute."}
{"timestamp": "2026-01-30T17:18:02.190847+00:00", "level": "INFO", "logger": "waveos.actuator", "message": "Actuator action=ActionType.RATE_LIMIT entity=link/link-2 rationale=Degraded link; reduce load to stabilize."}
{"timestamp": "2026-01-30T17:18:02.191089+00:00", "level": "INFO", "logger": "waveos.actuator", "message": "Actuator action=ActionType.REROUTE entity=link/link-3 rationale=Link health is FAIL; recommend reroute."}
{"timestamp": "2026-01-30T17:18:02.191240+00:00", "level": "INFO", "logger": "waveos.actuator", "message": "Actuator action=ActionType.RATE_LIMIT entity=link/link-3 rationale=Degraded link; reduce load to stabilize."}
{"timestamp": "2026-01-30T17:18:02.191450+00:00", "level": "INFO", "logger": "waveos.actuator", "message": "Actuator action=ActionType.POWER_THERMAL_CONSTRAINT entity=link/link-3 rationale=Temperature drift detected; apply thermal constraints."}
{"timestamp": "2026-01-30T17:18:02.191604+00:00", "level": "INFO", "logger": "waveos.actuator", "message": "Actuator action=ActionType.REROUTE entity=link/link-4 rationale=Link health is FAIL; recommend reroute."}
{"timestamp": "2026-01-30T17:18:02.191704+00:00", "level": "INFO", "logger": "waveos.actuator", "message": "Actuator action=ActionType.RATE_LIMIT entity=link/link-4 rationale=Degraded link; reduce load to stabilize."}
{"timestamp": "2026-01-30T17:18:02.202878+00:00", "level": "INFO", "logger": "waveos.cli", "message": "Sleeping for 5 seconds before next run"}
{"timestamp": "2026-01-30T17:18:07.209380+00:00", "level": "INFO", "logger": "waveos.cli", "message": "authz principal=local-user role=operator permission=run_pipeline allowed=True"}
{"timestamp": "2026-01-30T17:18:07.222619+00:00", "level": "INFO", "logger": "waveos.actuator", "message": "Actuator action=ActionType.REROUTE entity=link/link-2 rationale=Link health is FAIL; recommend reroute."}
{"timestamp": "2026-01-30T17:18:07.223062+00:00", "level": "INFO", "logger": "waveos.actuator", "message": "Actuator action=ActionType.RATE_LIMIT entity=link/link-2 rationale=Degraded link; reduce load to stabilize."}
{"timestamp": "2026-01-30T17:18:07.223635+00:00", "level": "INFO", "logger": "waveos.actuator", "message": "Actuator action=ActionType.REROUTE entity=link/link-3 rationale=Link health is FAIL; recommend reroute."}
{"timestamp": "2026-01-30T17:18:07.223977+00:00", "level": "INFO", "logger": "waveos.actuator", "message": "Actuator action=ActionType.RATE_LIMIT entity=link/link-3 rationale=Degraded link; reduce load to stabilize."}
{"timestamp": "2026-01-30T17:18:07.226374+00:00", "level": "INFO", "logger": "waveos.actuator", "message": "Actuator action=ActionType.POWER_THERMAL_CONSTRAINT entity=link/link-3 rationale=Temperature drift detected; apply thermal constraints."}
{"timestamp": "2026-01-30T17:18:07.229845+00:00", "level": "INFO", "logger": "waveos.actuator", "message": "Actuator action=ActionType.REROUTE entity=link/link-4 rationale=Link health is FAIL; recommend reroute."}
{"timestamp": "2026-01-30T17:18:07.235151+00:00", "level": "INFO", "logger": "waveos.actuator", "message": "Actuator action=ActionType.RATE_LIMIT entity=link/link-4 rationale=Degraded link; reduce load to stabilize."}
{"timestamp": "2026-01-30T17:18:07.278144+00:00", "level": "INFO", "logger": "waveos.cli", "message": "Sleeping for 5 seconds before next run"}
{"timestamp": "2026-01-30T17:18:08.682634+00:00", "level": "WARNING", "logger": "waveos.cli", "message": "Graceful shutdown requested"}
{"timestamp": "2026-01-30T17:20:54.051534+00:00", "level": "INFO", "logger": "waveos.proxy", "message": "Proxy enabled mode=http_forward backpressure=True"}
{"timestamp": "2026-01-30T17:20:54.053658+00:00", "level": "INFO", "logger": "waveos.cli", "message": "Proxy serve running; press Ctrl+C to stop."}
{"timestamp": "2026-01-30T17:20:54.053733+00:00", "level": "INFO", "logger": "waveos.proxy", "message": "HTTP proxy listening on 127.0.0.1:9000 -> example.com:80"}
{"timestamp": "2026-01-30T17:24:29.018793+00:00", "level": "INFO", "logger": "waveos.cli", "message": "Metrics serve running; press Ctrl+C to stop."}
{"timestamp": "2026-01-30T17:24:43.738258+00:00", "level": "WARNING", "logger": "waveos.cli", "message": "Graceful shutdown requested"}
{"timestamp": "2026-01-30T17:26:48.164480+00:00", "level": "WARNING", "logger": "waveos.cli", "message": "Graceful shutdown requested"}
{"timestamp": "2026-01-30T17:26:56.474061+00:00", "level": "INFO", "logger": "waveos.cli", "message": "authz principal=local-user role=operator permission=run_pipeline allowed=True"}
{"timestamp": "2026-01-30T17:26:56.476068+00:00", "level": "WARNING", "logger": "waveos.cli", "message": "Config drift detected between baseline and run."}
{"timestamp": "2026-01-30T17:26:56.481293+00:00", "level": "INFO", "logger": "waveos.actuator", "message": "Actuator action=ActionType.REROUTE entity=link/link-2 rationale=Link health is FAIL; recommend reroute."}
{"timestamp": "2026-01-30T17:26:56.481500+00:00", "level": "INFO", "logger": "waveos.actuator", "message": "Actuator action=ActionType.RATE_LIMIT entity=link/link-2 rationale=Degraded link; reduce load to stabilize."}
{"timestamp": "2026-01-30T17:26:56.481605+00:00", "level": "INFO", "logger": "waveos.actuator", "message": "Actuator action=ActionType.REROUTE entity=link/link-3 rationale=Link health is FAIL; recommend reroute."}
{"timestamp": "2026-01-30T17:26:56.481695+00:00", "level": "INFO", "logger": "waveos.actuator", "message": "Actuator action=ActionType.RATE_LIMIT entity=link/link-3 rationale=Degraded link; reduce load to stabilize."}
{"timestamp": "2026-01-30T17:26:56.481811+00:00", "level": "INFO", "logger": "waveos.actuator", "message": "Actuator action=ActionType.POWER_THERMAL_CONSTRAINT entity=link/link-3 rationale=Temperature drift detected; apply thermal constraints."}
{"timestamp": "2026-01-30T17:26:56.481875+00:00", "level": "INFO", "logger": "waveos.actuator", "message": "Actuator action=ActionType.REROUTE entity=link/link-4 rationale=Link health is FAIL; recommend reroute."}
{"timestamp": "2026-01-30T17:26:56.481935+00:00", "level": "INFO", "logger": "waveos.actuator", "message": "Actuator action=ActionType.RATE_LIMIT entity=link/link-4 rationale=Degraded link; reduce load to stabilize."}
{"timestamp": "2026-01-30T17:26:56.494146+00:00", "level": "INFO", "logger": "waveos.cli", "message": "Sleeping for 5 seconds before next run"}
{"timestamp": "2026-01-30T17:27:01.496496+00:00", "level": "INFO", "logger": "waveos.cli", "message": "authz principal=local-user role=operator permission=run_pipeline allowed=True"}
{"timestamp": "2026-01-30T17:27:01.499211+00:00", "level": "WARNING", "logger": "waveos.cli", "message": "Config drift detected between baseline and run."}
{"timestamp": "2026-01-30T17:27:01.507564+00:00", "level": "INFO", "logger": "waveos.actuator", "message": "Actuator action=ActionType.REROUTE entity=link/link-2 rationale=Link health is FAIL; recommend reroute."}
{"timestamp": "2026-01-30T17:27:01.507934+00:00", "level": "INFO", "logger": "waveos.actuator", "message": "Actuator action=ActionType.RATE_LIMIT entity=link/link-2 rationale=Degraded link; reduce load to stabilize."}
{"timestamp": "2026-01-30T17:27:01.508138+00:00", "level": "INFO", "logger": "waveos.actuator", "message": "Actuator action=ActionType.REROUTE entity=link/link-3 rationale=Link health is FAIL; recommend reroute."}
{"timestamp": "2026-01-30T17:27:01.508367+00:00", "level": "INFO", "logger": "waveos.actuator", "message": "Actuator action=ActionType.RATE_LIMIT entity=link/link-3 rationale=Degraded link; reduce load to stabilize."}
{"timestamp": "2026-01-30T17:27:01.508789+00:00", "level": "INFO", "logger": "waveos.actuator", "message": "Actuator action=ActionType.POWER_THERMAL_CONSTRAINT entity=link/link-3 rationale=Temperature drift detected; apply thermal constraints."}
{"timestamp": "2026-01-30T17:27:01.508997+00:00", "level": "INFO", "logger": "waveos.actuator", "message": "Actuator action=ActionType.REROUTE entity=link/link-4 rationale=Link health is FAIL; recommend reroute."}
{"timestamp": "2026-01-30T17:27:01.509150+00:00", "level": "INFO", "logger": "waveos.actuator", "message": "Actuator action=ActionType.RATE_LIMIT entity=link/link-4 rationale=Degraded link; reduce load to stabilize."}
{"timestamp": "2026-01-30T17:27:01.525613+00:00", "level": "INFO", "logger": "waveos.cli", "message": "Sleeping for 5 seconds before next run"}
{"timestamp": "2026-01-30T17:27:06.531085+00:00", "level": "INFO", "logger": "waveos.cli", "message": "authz principal=local-user role=operator permission=run_pipeline allowed=True"}
{"timestamp": "2026-01-30T17:27:06.655305+00:00", "level": "WARNING", "logger": "waveos.cli", "message": "Config drift detected between baseline and run."}
{"timestamp": "2026-01-30T17:27:06.740765+00:00", "level": "INFO", "logger": "waveos.actuator", "message": "Actuator action=ActionType.REROUTE entity=link/link-2 rationale=Link health is FAIL; recommend reroute."}
{"timestamp": "2026-01-30T17:27:06.742071+00:00", "level": "INFO", "logger": "waveos.actuator", "message": "Actuator action=ActionType.RATE_LIMIT entity=link/link-2 rationale=Degraded link; reduce load to stabilize."}
{"timestamp": "2026-01-30T17:27:06.742226+00:00", "level": "INFO", "logger": "waveos.actuator", "message": "Actuator action=ActionType.REROUTE entity=link/link-3 rationale=Link health is FAIL; recommend reroute."}
{"timestamp": "2026-01-30T17:27:06.742307+00:00", "level": "INFO", "logger": "waveos.actuator", "message": "Actuator action=ActionType.RATE_LIMIT entity=link/link-3 rationale=Degraded link; reduce load to stabilize."}
{"timestamp": "2026-01-30T17:27:06.742443+00:00", "level": "INFO", "logger": "waveos.actuator", "message": "Actuator action=ActionType.POWER_THERMAL_CONSTRAINT entity=link/link-3 rationale=Temperature drift detected; apply thermal constraints."}
{"timestamp": "2026-01-30T17:27:06.752939+00:00", "level": "INFO", "logger": "waveos.actuator", "message": "Actuator action=ActionType.REROUTE entity=link/link-4 rationale=Link health is FAIL; recommend reroute."}
{"timestamp": "2026-01-30T17:27:06.754303+00:00", "level": "INFO", "logger": "waveos.actuator", "message": "Actuator action=ActionType.RATE_LIMIT entity=link/link-4 rationale=Degraded link; reduce load to stabilize."}
{"timestamp": "2026-01-30T17:27:07.502583+00:00", "level": "INFO", "logger": "waveos.cli", "message": "Sleeping for 5 seconds before next run"}
{"timestamp": "2026-01-30T17:27:12.505263+00:00", "level": "INFO", "logger": "waveos.cli", "message": "authz principal=local-user role=operator permission=run_pipeline allowed=True"}
{"timestamp": "2026-01-30T17:27:12.509599+00:00", "level": "WARNING", "logger": "waveos.cli", "message": "Config drift detected between baseline and run."}
{"timestamp": "2026-01-30T17:27:12.522781+00:00", "level": "INFO", "logger": "waveos.actuator", "message": "Actuator action=ActionType.REROUTE entity=link/link-2 rationale=Link health is FAIL; recommend reroute."}
{"timestamp": "2026-01-30T17:27:12.523235+00:00", "level": "INFO", "logger": "waveos.actuator", "message": "Actuator action=ActionType.RATE_LIMIT entity=link/link-2 rationale=Degraded link; reduce load to stabilize."}
{"timestamp": "2026-01-30T17:27:12.524804+00:00", "level": "INFO", "logger": "waveos.actuator", "message": "Actuator action=ActionType.REROUTE entity=link/link-3 rationale=Link health is FAIL; recommend reroute."}
{"timestamp": "2026-01-30T17:27:12.526168+00:00", "level": "INFO", "logger": "waveos.actuator", "message": "Actuator action=ActionType.RATE_LIMIT entity=link/link-3 rationale=Degraded link; reduce load to stabilize."}
{"timestamp": "2026-01-30T17:27:12.526282+00:00", "level": "INFO", "logger": "waveos.actuator", "message": "Actuator action=ActionType.POWER_THERMAL_CONSTRAINT entity=link/link-3 rationale=Temperature drift detected; apply thermal constraints."}
{"timestamp": "2026-01-30T17:27:12.526361+00:00", "level": "INFO", "logger": "waveos.actuator", "message": "Actuator action=ActionType.REROUTE entity=link/link-4 rationale=Link health is FAIL; recommend reroute."}
{"timestamp": "2026-01-30T17:27:12.526435+00:00", "level": "INFO", "logger": "waveos.actuator", "message": "Actuator action=ActionType.RATE_LIMIT entity=link/link-4 rationale=Degraded link; reduce load to stabilize."}
{"timestamp": "2026-01-30T17:27:12.543008+00:00", "level": "INFO", "logger": "waveos.cli", "message": "Sleeping for 5 seconds before next run"}
{"timestamp": "2026-01-30T17:27:17.545921+00:00", "level": "INFO", "logger": "waveos.cli", "message": "authz principal=local-user role=operator permission=run_pipeline allowed=True"}
{"timestamp": "2026-01-30T17:27:17.548002+00:00", "level": "WARNING", "logger": "waveos.cli", "message": "Config drift detected between baseline and run."}
{"timestamp": "2026-01-30T17:27:17.553923+00:00", "level": "INFO", "logger": "waveos.actuator", "message": "Actuator action=ActionType.REROUTE entity=link/link-2 rationale=Link health is FAIL; recommend reroute."}
{"timestamp": "2026-01-30T17:27:17.554205+00:00", "level": "INFO", "logger": "waveos.actuator", "message": "Actuator action=ActionType.RATE_LIMIT entity=link/link-2 rationale=Degraded link; reduce load to stabilize."}
{"timestamp": "2026-01-30T17:27:17.554329+00:00", "level": "INFO", "logger": "waveos.actuator", "message": "Actuator action=ActionType.REROUTE entity=link/link-3 rationale=Link health is FAIL; recommend reroute."}
{"timestamp": "2026-01-30T17:27:17.554433+00:00", "level": "INFO", "logger": "waveos.actuator", "message": "Actuator action=ActionType.RATE_LIMIT entity=link/link-3 rationale=Degraded link; reduce load to stabilize."}
{"timestamp": "2026-01-30T17:27:17.554575+00:00", "level": "INFO", "logger": "waveos.actuator", "message": "Actuator action=ActionType.POWER_THERMAL_CONSTRAINT entity=link/link-3 rationale=Temperature drift detected; apply thermal constraints."}
{"timestamp": "2026-01-30T17:27:17.554674+00:00", "level": "INFO", "logger": "waveos.actuator", "message": "Actuator action=ActionType.REROUTE entity=link/link-4 rationale=Link health is FAIL; recommend reroute."}
{"timestamp": "2026-01-30T17:27:17.554784+00:00", "level": "INFO", "logger": "waveos.actuator", "message": "Actuator action=ActionType.RATE_LIMIT entity=link/link-4 rationale=Degraded link; reduce load to stabilize."}
{"timestamp": "2026-01-30T17:27:17.566068+00:00", "level": "INFO", "logger": "waveos.cli", "message": "Sleeping for 5 seconds before next run"}
{"timestamp": "2026-01-30T17:27:22.568377+00:00", "level": "INFO", "logger": "waveos.cli", "message": "authz principal=local-user role=operator permission=run_pipeline allowed=True"}
{"timestamp": "2026-01-30T17:27:22.570126+00:00", "level": "WARNING", "logger": "waveos.cli", "message": "Config drift detected between baseline and run."}
{"timestamp": "2026-01-30T17:27:22.575043+00:00", "level": "INFO", "logger": "waveos.actuator", "message": "Actuator action=ActionType.REROUTE entity=link/link-2 rationale=Link health is FAIL; recommend reroute."}
{"timestamp": "2026-01-30T17:27:22.575268+00:00", "level": "INFO", "logger": "waveos.actuator", "message": "Actuator action=ActionType.RATE_LIMIT entity=link/link-2 rationale=Degraded link; reduce load to stabilize."}
{"timestamp": "2026-01-30T17:27:22.575382+00:00", "level": "INFO", "logger": "waveos.actuator", "message": "Actuator action=ActionType.REROUTE entity=link/link-3 rationale=Link health is FAIL; recommend reroute."}
{"timestamp": "2026-01-30T17:27:22.575488+00:00", "level": "INFO", "logger": "waveos.actuator", "message": "Actuator action=ActionType.RATE_LIMIT entity=link/link-3 rationale=Degraded link; reduce load to stabilize."}
{"timestamp": "2026-01-30T17:27:22.575694+00:00", "level": "INFO", "logger": "waveos.actuator", "message": "Actuator action=ActionType.POWER_THERMAL_CONSTRAINT entity=link/link-3 rationale=Temperature drift detected; apply thermal constraints."}
{"timestamp": "2026-01-30T17:27:22.575830+00:00", "level": "INFO", "logger": "waveos.actuator", "message": "Actuator action=ActionType.REROUTE entity=link/link-4 rationale=Link health is FAIL; recommend reroute."}
{"timestamp": "2026-01-30T17:27:22.575944+00:00", "level": "INFO", "logger": "waveos.actuator", "message": "Actuator action=ActionType.RATE_LIMIT entity=link/link-4 rationale=Degraded link; reduce load to stabilize."}
{"timestamp": "2026-01-30T17:27:22.593044+00:00", "level": "INFO", "logger": "waveos.cli", "message": "Sleeping for 5 seconds before next run"}
{"timestamp": "2026-01-30T17:27:27.599623+00:00", "level": "INFO", "logger": "waveos.cli", "message": "authz principal=local-user role=operator permission=run_pipeline allowed=True"}
{"timestamp": "2026-01-30T17:27:27.602687+00:00", "level": "WARNING", "logger": "waveos.cli", "message": "Config drift detected between baseline and run."}
{"timestamp": "2026-01-30T17:27:27.607163+00:00", "level": "INFO", "logger": "waveos.actuator", "message": "Actuator action=ActionType.REROUTE entity=link/link-2 rationale=Link health is FAIL; recommend reroute."}
{"timestamp": "2026-01-30T17:27:27.607394+00:00", "level": "INFO", "logger": "waveos.actuator", "message": "Actuator action=ActionType.RATE_LIMIT entity=link/link-2 rationale=Degraded link; reduce load to stabilize."}
{"timestamp": "2026-01-30T17:27:27.607717+00:00", "level": "INFO", "logger": "waveos.actuator", "message": "Actuator action=ActionType.REROUTE entity=link/link-3 rationale=Link health is FAIL; recommend reroute."}
{"timestamp": "2026-01-30T17:27:27.608033+00:00", "level": "INFO", "logger": "waveos.actuator", "message": "Actuator action=ActionType.RATE_LIMIT entity=link/link-3 rationale=Degraded link; reduce load to stabilize."}
{"timestamp": "2026-01-30T17:27:27.608274+00:00", "level": "INFO", "logger": "waveos.actuator", "message": "Actuator action=ActionType.POWER_THERMAL_CONSTRAINT entity=link/link-3 rationale=Temperature drift detected; apply thermal constraints."}
{"timestamp": "2026-01-30T17:27:27.608416+00:00", "level": "INFO", "logger": "waveos.actuator", "message": "Actuator action=ActionType.REROUTE entity=link/link-4 rationale=Link health is FAIL; recommend reroute."}
{"timestamp": "2026-01-30T17:27:27.608509+00:00", "level": "INFO", "logger": "waveos.actuator", "message": "Actuator action=ActionType.RATE_LIMIT entity=link/link-4 rationale=Degraded link; reduce load to stabilize."}
{"timestamp": "2026-01-30T17:27:27.638074+00:00", "level": "INFO", "logger": "waveos.cli", "message": "Sleeping for 5 seconds before next run"}
{"timestamp": "2026-01-30T17:27:32.643517+00:00", "level": "INFO", "logger": "waveos.cli", "message": "authz principal=local-user role=operator permission=run_pipeline allowed=True"}
{"timestamp": "2026-01-30T17:27:32.644895+00:00", "level": "WARNING", "logger": "waveos.cli", "message": "Config drift detected between baseline and run."}
{"timestamp": "2026-01-30T17:27:32.648525+00:00", "level": "INFO", "logger": "waveos.actuator", "message": "Actuator action=ActionType.REROUTE entity=link/link-2 rationale=Link health is FAIL; recommend reroute."}
{"timestamp": "2026-01-30T17:27:32.648704+00:00", "level": "INFO", "logger": "waveos.actuator", "message": "Actuator action=ActionType.RATE_LIMIT entity=link/link-2 rationale=Degraded link; reduce load to stabilize."}
{"timestamp": "2026-01-30T17:27:32.648950+00:00", "level": "INFO", "logger": "waveos.actuator", "message": "Actuator action=ActionType.REROUTE entity=link/link-3 rationale=Link health is FAIL; recommend reroute."}
{"timestamp": "2026-01-30T17:27:32.649093+00:00", "level": "INFO", "logger": "waveos.actuator", "message": "Actuator action=ActionType.RATE_LIMIT entity=link/link-3 rationale=Degraded link; reduce load to stabilize."}
{"timestamp": "2026-01-30T17:27:32.649224+00:00", "level": "INFO", "logger": "waveos.actuator", "message": "Actuator action=ActionType.POWER_THERMAL_CONSTRAINT entity=link/link-3 rationale=Temperature drift detected; apply thermal constraints."}
{"timestamp": "2026-01-30T17:27:32.649337+00:00", "level": "INFO", "logger": "waveos.actuator", "message": "Actuator action=ActionType.REROUTE entity=link/link-4 rationale=Link health is FAIL; recommend reroute."}
{"timestamp": "2026-01-30T17:27:32.649429+00:00", "level": "INFO", "logger": "waveos.actuator", "message": "Actuator action=ActionType.RATE_LIMIT entity=link/link-4 rationale=Degraded link; reduce load to stabilize."}
{"timestamp": "2026-01-30T17:27:32.657791+00:00", "level": "INFO", "logger": "waveos.cli", "message": "Sleeping for 5 seconds before next run"}
{"timestamp": "2026-01-30T17:27:37.660394+00:00", "level": "INFO", "logger": "waveos.cli", "message": "authz principal=local-user role=operator permission=run_pipeline allowed=True"}
{"timestamp": "2026-01-30T17:27:37.663395+00:00", "level": "WARNING", "logger": "waveos.cli", "message": "Config drift detected between baseline and run."}
{"timestamp": "2026-01-30T17:27:37.669216+00:00", "level": "INFO", "logger": "waveos.actuator", "message": "Actuator action=ActionType.REROUTE entity=link/link-2 rationale=Link health is FAIL; recommend reroute."}
{"timestamp": "2026-01-30T17:27:37.669468+00:00", "level": "INFO", "logger": "waveos.actuator", "message": "Actuator action=ActionType.RATE_LIMIT entity=link/link-2 rationale=Degraded link; reduce load to stabilize."}
{"timestamp": "2026-01-30T17:27:37.669606+00:00", "level": "INFO", "logger": "waveos.actuator", "message": "Actuator action=ActionType.REROUTE entity=link/link-3 rationale=Link health is FAIL; recommend reroute."}
{"timestamp": "2026-01-30T17:27:37.669744+00:00", "level": "INFO", "logger": "waveos.actuator", "message": "Actuator action=ActionType.RATE_LIMIT entity=link/link-3 rationale=Degraded link; reduce load to stabilize."}
{"timestamp": "2026-01-30T17:27:37.669851+00:00", "level": "INFO", "logger": "waveos.actuator", "message": "Actuator action=ActionType.POWER_THERMAL_CONSTRAINT entity=link/link-3 rationale=Temperature drift detected; apply thermal constraints."}
{"timestamp": "2026-01-30T17:27:37.670024+00:00", "level": "INFO", "logger": "waveos.actuator", "message": "Actuator action=ActionType.REROUTE entity=link/link-4 rationale=Link health is FAIL; recommend reroute."}
{"timestamp": "2026-01-30T17:27:37.670107+00:00", "level": "INFO", "logger": "waveos.actuator", "message": "Actuator action=ActionType.RATE_LIMIT entity=link/link-4 rationale=Degraded link; reduce load to stabilize."}
{"timestamp": "2026-01-30T17:27:37.680710+00:00", "level": "INFO", "logger": "waveos.cli", "message": "Sleeping for 5 seconds before next run"}
{"timestamp": "2026-01-30T17:27:42.683756+00:00", "level": "INFO", "logger": "waveos.cli", "message": "authz principal=local-user role=operator permission=run_pipeline allowed=True"}
{"timestamp": "2026-01-30T17:27:42.685991+00:00", "level": "WARNING", "logger": "waveos.cli", "message": "Config drift detected between baseline and run."}
{"timestamp": "2026-01-30T17:27:42.692918+00:00", "level": "INFO", "logger": "waveos.actuator", "message": "Actuator action=ActionType.REROUTE entity=link/link-2 rationale=Link health is FAIL; recommend reroute."}
{"timestamp": "2026-01-30T17:27:42.693141+00:00", "level": "INFO", "logger": "waveos.actuator", "message": "Actuator action=ActionType.RATE_LIMIT entity=link/link-2 rationale=Degraded link; reduce load to stabilize."}
{"timestamp": "2026-01-30T17:27:42.693262+00:00", "level": "INFO", "logger": "waveos.actuator", "message": "Actuator action=ActionType.REROUTE entity=link/link-3 rationale=Link health is FAIL; recommend reroute."}
{"timestamp": "2026-01-30T17:27:42.693365+00:00", "level": "INFO", "logger": "waveos.actuator", "message": "Actuator action=ActionType.RATE_LIMIT entity=link/link-3 rationale=Degraded link; reduce load to stabilize."}
{"timestamp": "2026-01-30T17:27:42.693467+00:00", "level": "INFO", "logger": "waveos.actuator", "message": "Actuator action=ActionType.POWER_THERMAL_CONSTRAINT entity=link/link-3 rationale=Temperature drift detected; apply thermal constraints."}
{"timestamp": "2026-01-30T17:27:42.693561+00:00", "level": "INFO", "logger": "waveos.actuator", "message": "Actuator action=ActionType.REROUTE entity=link/link-4 rationale=Link health is FAIL; recommend reroute."}
{"timestamp": "2026-01-30T17:27:42.693662+00:00", "level": "INFO", "logger": "waveos.actuator", "message": "Actuator action=ActionType.RATE_LIMIT entity=link/link-4 rationale=Degraded link; reduce load to stabilize."}
{"timestamp": "2026-01-30T17:27:42.705376+00:00", "level": "INFO", "logger": "waveos.cli", "message": "Sleeping for 5 seconds before next run"}
{"timestamp": "2026-01-30T17:27:47.710629+00:00", "level": "INFO", "logger": "waveos.cli", "message": "authz principal=local-user role=operator permission=run_pipeline allowed=True"}
{"timestamp": "2026-01-30T17:27:47.713495+00:00", "level": "WARNING", "logger": "waveos.cli", "message": "Config drift detected between baseline and run."}
{"timestamp": "2026-01-30T17:27:47.718080+00:00", "level": "INFO", "logger": "waveos.actuator", "message": "Actuator action=ActionType.REROUTE entity=link/link-2 rationale=Link health is FAIL; recommend reroute."}
{"timestamp": "2026-01-30T17:27:47.718492+00:00", "level": "INFO", "logger": "waveos.actuator", "message": "Actuator action=ActionType.RATE_LIMIT entity=link/link-2 rationale=Degraded link; reduce load to stabilize."}
{"timestamp": "2026-01-30T17:27:47.718660+00:00", "level": "INFO", "logger": "waveos.actuator", "message": "Actuator action=ActionType.REROUTE entity=link/link-3 rationale=Link health is FAIL; recommend reroute."}
{"timestamp": "2026-01-30T17:27:47.718870+00:00", "level": "INFO", "logger": "waveos.actuator", "message": "Actuator action=ActionType.RATE_LIMIT entity=link/link-3 rationale=Degraded link; reduce load to stabilize."}
{"timestamp": "2026-01-30T17:27:47.718969+00:00", "level": "INFO", "logger": "waveos.actuator", "message": "Actuator action=ActionType.POWER_THERMAL_CONSTRAINT entity=link/link-3 rationale=Temperature drift detected; apply thermal constraints."}
{"timestamp": "2026-01-30T17:27:47.719146+00:00", "level": "INFO", "logger": "waveos.actuator", "message": "Actuator action=ActionType.REROUTE entity=link/link-4 rationale=Link health is FAIL; recommend reroute."}
{"timestamp": "2026-01-30T17:27:47.719246+00:00", "level": "INFO", "logger": "waveos.actuator", "message": "Actuator action=ActionType.RATE_LIMIT entity=link/link-4 rationale=Degraded link; reduce load to stabilize."}
{"timestamp": "2026-01-30T17:27:47.732738+00:00", "level": "INFO", "logger": "waveos.cli", "message": "Sleeping for 5 seconds before next run"}
{"timestamp": "2026-01-30T17:27:52.733841+00:00", "level": "INFO", "logger": "waveos.cli", "message": "authz principal=local-user role=operator permission=run_pipeline allowed=True"}
{"timestamp": "2026-01-30T17:27:52.736648+00:00", "level": "WARNING", "logger": "waveos.cli", "message": "Config drift detected between baseline and run."}
{"timestamp": "2026-01-30T17:27:52.748047+00:00", "level": "INFO", "logger": "waveos.actuator", "message": "Actuator action=ActionType.REROUTE entity=link/link-2 rationale=Link health is FAIL; recommend reroute."}
{"timestamp": "2026-01-30T17:27:52.748816+00:00", "level": "INFO", "logger": "waveos.actuator", "message": "Actuator action=ActionType.RATE_LIMIT entity=link/link-2 rationale=Degraded link; reduce load to stabilize."}
{"timestamp": "2026-01-30T17:27:52.749305+00:00", "level": "INFO", "logger": "waveos.actuator", "message": "Actuator action=ActionType.REROUTE entity=link/link-3 rationale=Link health is FAIL; recommend reroute."}
{"timestamp": "2026-01-30T17:27:52.749636+00:00", "level": "INFO", "logger": "waveos.actuator", "message": "Actuator action=ActionType.RATE_LIMIT entity=link/link-3 rationale=Degraded link; reduce load to stabilize."}
{"timestamp": "2026-01-30T17:27:52.749854+00:00", "level": "INFO", "logger": "waveos.actuator", "message": "Actuator action=ActionType.POWER_THERMAL_CONSTRAINT entity=link/link-3 rationale=Temperature drift detected; apply thermal constraints."}
{"timestamp": "2026-01-30T17:27:52.750022+00:00", "level": "INFO", "logger": "waveos.actuator", "message": "Actuator action=ActionType.REROUTE entity=link/link-4 rationale=Link health is FAIL; recommend reroute."}
{"timestamp": "2026-01-30T17:27:52.750194+00:00", "level": "INFO", "logger": "waveos.actuator", "message": "Actuator action=ActionType.RATE_LIMIT entity=link/link-4 rationale=Degraded link; reduce load to stabilize."}
{"timestamp": "2026-01-30T17:27:52.763305+00:00", "level": "INFO", "logger": "waveos.cli", "message": "Sleeping for 5 seconds before next run"}
{"timestamp": "2026-01-30T17:27:57.764798+00:00", "level": "INFO", "logger": "waveos.cli", "message": "authz principal=local-user role=operator permission=run_pipeline allowed=True"}
{"timestamp": "2026-01-30T17:27:57.767534+00:00", "level": "WARNING", "logger": "waveos.cli", "message": "Config drift detected between baseline and run."}
{"timestamp": "2026-01-30T17:27:57.773077+00:00", "level": "INFO", "logger": "waveos.actuator", "message": "Actuator action=ActionType.REROUTE entity=link/link-2 rationale=Link health is FAIL; recommend reroute."}
{"timestamp": "2026-01-30T17:27:57.773401+00:00", "level": "INFO", "logger": "waveos.actuator", "message": "Actuator action=ActionType.RATE_LIMIT entity=link/link-2 rationale=Degraded link; reduce load to stabilize."}
{"timestamp": "2026-01-30T17:27:57.773735+00:00", "level": "INFO", "logger": "waveos.actuator", "message": "Actuator action=ActionType.REROUTE entity=link/link-3 rationale=Link health is FAIL; recommend reroute."}
{"timestamp": "2026-01-30T17:27:57.773876+00:00", "level": "INFO", "logger": "waveos.actuator", "message": "Actuator action=ActionType.RATE_LIMIT entity=link/link-3 rationale=Degraded link; reduce load to stabilize."}
{"timestamp": "2026-01-30T17:27:57.774031+00:00", "level": "INFO", "logger": "waveos.actuator", "message": "Actuator action=ActionType.POWER_THERMAL_CONSTRAINT entity=link/link-3 rationale=Temperature drift detected; apply thermal constraints."}
{"timestamp": "2026-01-30T17:27:57.774166+00:00", "level": "INFO", "logger": "waveos.actuator", "message": "Actuator action=ActionType.REROUTE entity=link/link-4 rationale=Link health is FAIL; recommend reroute."}
{"timestamp": "2026-01-30T17:27:57.774285+00:00", "level": "INFO", "logger": "waveos.actuator", "message": "Actuator action=ActionType.RATE_LIMIT entity=link/link-4 rationale=Degraded link; reduce load to stabilize."}
{"timestamp": "2026-01-30T17:27:57.785746+00:00", "level": "INFO", "logger": "waveos.cli", "message": "Sleeping for 5 seconds before next run"}
{"timestamp": "2026-01-30T17:28:02.787567+00:00", "level": "INFO", "logger": "waveos.cli", "message": "authz principal=local-user role=operator permission=run_pipeline allowed=True"}
{"timestamp": "2026-01-30T17:28:02.789429+00:00", "level": "WARNING", "logger": "waveos.cli", "message": "Config drift detected between baseline and run."}
{"timestamp": "2026-01-30T17:28:02.796383+00:00", "level": "INFO", "logger": "waveos.actuator", "message": "Actuator action=ActionType.REROUTE entity=link/link-2 rationale=Link health is FAIL; recommend reroute."}
{"timestamp": "2026-01-30T17:28:02.796675+00:00", "level": "INFO", "logger": "waveos.actuator", "message": "Actuator action=ActionType.RATE_LIMIT entity=link/link-2 rationale=Degraded link; reduce load to stabilize."}
{"timestamp": "2026-01-30T17:28:02.796822+00:00", "level": "INFO", "logger": "waveos.actuator", "message": "Actuator action=ActionType.REROUTE entity=link/link-3 rationale=Link health is FAIL; recommend reroute."}
{"timestamp": "2026-01-30T17:28:02.797025+00:00", "level": "INFO", "logger": "waveos.actuator", "message": "Actuator action=ActionType.RATE_LIMIT entity=link/link-3 rationale=Degraded link; reduce load to stabilize."}
{"timestamp": "2026-01-30T17:28:02.797391+00:00", "level": "INFO", "logger": "waveos.actuator", "message": "Actuator action=ActionType.POWER_THERMAL_CONSTRAINT entity=link/link-3 rationale=Temperature drift detected; apply thermal constraints."}
{"timestamp": "2026-01-30T17:28:02.798011+00:00", "level": "INFO", "logger": "waveos.actuator", "message": "Actuator action=ActionType.REROUTE entity=link/link-4 rationale=Link health is FAIL; recommend reroute."}
{"timestamp": "2026-01-30T17:28:02.798355+00:00", "level": "INFO", "logger": "waveos.actuator", "message": "Actuator action=ActionType.RATE_LIMIT entity=link/link-4 rationale=Degraded link; reduce load to stabilize."}
{"timestamp": "2026-01-30T17:28:02.812078+00:00", "level": "INFO", "logger": "waveos.cli", "message": "Sleeping for 5 seconds before next run"}
{"timestamp": "2026-01-30T17:28:07.816948+00:00", "level": "INFO", "logger": "waveos.cli", "message": "authz principal=local-user role=operator permission=run_pipeline allowed=True"}
{"timestamp": "2026-01-30T17:28:07.819227+00:00", "level": "WARNING", "logger": "waveos.cli", "message": "Config drift detected between baseline and run."}
{"timestamp": "2026-01-30T17:28:07.824516+00:00", "level": "INFO", "logger": "waveos.actuator", "message": "Actuator action=ActionType.REROUTE entity=link/link-2 rationale=Link health is FAIL; recommend reroute."}
{"timestamp": "2026-01-30T17:28:07.824766+00:00", "level": "INFO", "logger": "waveos.actuator", "message": "Actuator action=ActionType.RATE_LIMIT entity=link/link-2 rationale=Degraded link; reduce load to stabilize."}
{"timestamp": "2026-01-30T17:28:07.824931+00:00", "level": "INFO", "logger": "waveos.actuator", "message": "Actuator action=ActionType.REROUTE entity=link/link-3 rationale=Link health is FAIL; recommend reroute."}
{"timestamp": "2026-01-30T17:28:07.825090+00:00", "level": "INFO", "logger": "waveos.actuator", "message": "Actuator action=ActionType.RATE_LIMIT entity=link/link-3 rationale=Degraded link; reduce load to stabilize."}
{"timestamp": "2026-01-30T17:28:07.825233+00:00", "level": "INFO", "logger": "waveos.actuator", "message": "Actuator action=ActionType.POWER_THERMAL_CONSTRAINT entity=link/link-3 rationale=Temperature drift detected; apply thermal constraints."}
{"timestamp": "2026-01-30T17:28:07.825485+00:00", "level": "INFO", "logger": "waveos.actuator", "message": "Actuator action=ActionType.REROUTE entity=link/link-4 rationale=Link health is FAIL; recommend reroute."}
{"timestamp": "2026-01-30T17:28:07.825605+00:00", "level": "INFO", "logger": "waveos.actuator", "message": "Actuator action=ActionType.RATE_LIMIT entity=link/link-4 rationale=Degraded link; reduce load to stabilize."}
{"timestamp": "2026-01-30T17:28:07.839403+00:00", "level": "INFO", "logger": "waveos.cli", "message": "Sleeping for 5 seconds before next run"}
{"timestamp": "2026-01-30T17:28:12.845135+00:00", "level": "INFO", "logger": "waveos.cli", "message": "authz principal=local-user role=operator permission=run_pipeline allowed=True"}
{"timestamp": "2026-01-30T17:28:12.847258+00:00", "level": "WARNING", "logger": "waveos.cli", "message": "Config drift detected between baseline and run."}
{"timestamp": "2026-01-30T17:28:12.851834+00:00", "level": "INFO", "logger": "waveos.actuator", "message": "Actuator action=ActionType.REROUTE entity=link/link-2 rationale=Link health is FAIL; recommend reroute."}
{"timestamp": "2026-01-30T17:28:12.852070+00:00", "level": "INFO", "logger": "waveos.actuator", "message": "Actuator action=ActionType.RATE_LIMIT entity=link/link-2 rationale=Degraded link; reduce load to stabilize."}
{"timestamp": "2026-01-30T17:28:12.852405+00:00", "level": "INFO", "logger": "waveos.actuator", "message": "Actuator action=ActionType.REROUTE entity=link/link-3 rationale=Link health is FAIL; recommend reroute."}
{"timestamp": "2026-01-30T17:28:12.852565+00:00", "level": "INFO", "logger": "waveos.actuator", "message": "Actuator action=ActionType.RATE_LIMIT entity=link/link-3 rationale=Degraded link; reduce load to stabilize."}
{"timestamp": "2026-01-30T17:28:12.852691+00:00", "level": "INFO", "logger": "waveos.actuator", "message": "Actuator action=ActionType.POWER_THERMAL_CONSTRAINT entity=link/link-3 rationale=Temperature drift detected; apply thermal constraints."}
{"timestamp": "2026-01-30T17:28:12.852819+00:00", "level": "INFO", "logger": "waveos.actuator", "message": "Actuator action=ActionType.REROUTE entity=link/link-4 rationale=Link health is FAIL; recommend reroute."}
{"timestamp": "2026-01-30T17:28:12.852980+00:00", "level": "INFO", "logger": "waveos.actuator", "message": "Actuator action=ActionType.RATE_LIMIT entity=link/link-4 rationale=Degraded link; reduce load to stabilize."}
{"timestamp": "2026-01-30T17:28:12.863321+00:00", "level": "INFO", "logger": "waveos.cli", "message": "Sleeping for 5 seconds before next run"}
{"timestamp": "2026-01-30T17:28:17.868658+00:00", "level": "INFO", "logger": "waveos.cli", "message": "authz principal=local-user role=operator permission=run_pipeline allowed=True"}
{"timestamp": "2026-01-30T17:28:17.870407+00:00", "level": "WARNING", "logger": "waveos.cli", "message": "Config drift detected between baseline and run."}
{"timestamp": "2026-01-30T17:28:17.874694+00:00", "level": "INFO", "logger": "waveos.actuator", "message": "Actuator action=ActionType.REROUTE entity=link/link-2 rationale=Link health is FAIL; recommend reroute."}
{"timestamp": "2026-01-30T17:28:17.874909+00:00", "level": "INFO", "logger": "waveos.actuator", "message": "Actuator action=ActionType.RATE_LIMIT entity=link/link-2 rationale=Degraded link; reduce load to stabilize."}
{"timestamp": "2026-01-30T17:28:17.875053+00:00", "level": "INFO", "logger": "waveos.actuator", "message": "Actuator action=ActionType.REROUTE entity=link/link-3 rationale=Link health is FAIL; recommend reroute."}
{"timestamp": "2026-01-30T17:28:17.875231+00:00", "level": "INFO", "logger": "waveos.actuator", "message": "Actuator action=ActionType.RATE_LIMIT entity=link/link-3 rationale=Degraded link; reduce load to stabilize."}
{"timestamp": "2026-01-30T17:28:17.875406+00:00", "level": "INFO", "logger": "waveos.actuator", "message": "Actuator action=ActionType.POWER_THERMAL_CONSTRAINT entity=link/link-3 rationale=Temperature drift detected; apply thermal constraints."}
{"timestamp": "2026-01-30T17:28:17.875541+00:00", "level": "INFO", "logger": "waveos.actuator", "message": "Actuator action=ActionType.REROUTE entity=link/link-4 rationale=Link health is FAIL; recommend reroute."}
{"timestamp": "2026-01-30T17:28:17.875701+00:00", "level": "INFO", "logger": "waveos.actuator", "message": "Actuator action=ActionType.RATE_LIMIT entity=link/link-4 rationale=Degraded link; reduce load to stabilize."}
{"timestamp": "2026-01-30T17:28:17.885992+00:00", "level": "INFO", "logger": "waveos.cli", "message": "Sleeping for 5 seconds before next run"}
{"timestamp": "2026-01-30T17:28:22.886815+00:00", "level": "INFO", "logger": "waveos.cli", "message": "authz principal=local-user role=operator permission=run_pipeline allowed=True"}
{"timestamp": "2026-01-30T17:28:22.889498+00:00", "level": "WARNING", "logger": "waveos.cli", "message": "Config drift detected between baseline and run."}
{"timestamp": "2026-01-30T17:28:22.897395+00:00", "level": "INFO", "logger": "waveos.actuator", "message": "Actuator action=ActionType.REROUTE entity=link/link-2 rationale=Link health is FAIL; recommend reroute."}
{"timestamp": "2026-01-30T17:28:22.898035+00:00", "level": "INFO", "logger": "waveos.actuator", "message": "Actuator action=ActionType.RATE_LIMIT entity=link/link-2 rationale=Degraded link; reduce load to stabilize."}
{"timestamp": "2026-01-30T17:28:22.898446+00:00", "level": "INFO", "logger": "waveos.actuator", "message": "Actuator action=ActionType.REROUTE entity=link/link-3 rationale=Link health is FAIL; recommend reroute."}
{"timestamp": "2026-01-30T17:28:22.898772+00:00", "level": "INFO", "logger": "waveos.actuator", "message": "Actuator action=ActionType.RATE_LIMIT entity=link/link-3 rationale=Degraded link; reduce load to stabilize."}
{"timestamp": "2026-01-30T17:28:22.899016+00:00", "level": "INFO", "logger": "waveos.actuator", "message": "Actuator action=ActionType.POWER_THERMAL_CONSTRAINT entity=link/link-3 rationale=Temperature drift detected; apply thermal constraints."}
{"timestamp": "2026-01-30T17:28:22.899245+00:00", "level": "INFO", "logger": "waveos.actuator", "message": "Actuator action=ActionType.REROUTE entity=link/link-4 rationale=Link health is FAIL; recommend reroute."}
{"timestamp": "2026-01-30T17:28:22.899449+00:00", "level": "INFO", "logger": "waveos.actuator", "message": "Actuator action=ActionType.RATE_LIMIT entity=link/link-4 rationale=Degraded link; reduce load to stabilize."}
{"timestamp": "2026-01-30T17:28:22.916744+00:00", "level": "INFO", "logger": "waveos.cli", "message": "Sleeping for 5 seconds before next run"}
{"timestamp": "2026-01-30T17:28:27.920000+00:00", "level": "INFO", "logger": "waveos.cli", "message": "authz principal=local-user role=operator permission=run_pipeline allowed=True"}
{"timestamp": "2026-01-30T17:28:27.921590+00:00", "level": "WARNING", "logger": "waveos.cli", "message": "Config drift detected between baseline and run."}
{"timestamp": "2026-01-30T17:28:27.926015+00:00", "level": "INFO", "logger": "waveos.actuator", "message": "Actuator action=ActionType.REROUTE entity=link/link-2 rationale=Link health is FAIL; recommend reroute."}
{"timestamp": "2026-01-30T17:28:27.926216+00:00", "level": "INFO", "logger": "waveos.actuator", "message": "Actuator action=ActionType.RATE_LIMIT entity=link/link-2 rationale=Degraded link; reduce load to stabilize."}
{"timestamp": "2026-01-30T17:28:27.926332+00:00", "level": "INFO", "logger": "waveos.actuator", "message": "Actuator action=ActionType.REROUTE entity=link/link-3 rationale=Link health is FAIL; recommend reroute."}
{"timestamp": "2026-01-30T17:28:27.926427+00:00", "level": "INFO", "logger": "waveos.actuator", "message": "Actuator action=ActionType.RATE_LIMIT entity=link/link-3 rationale=Degraded link; reduce load to stabilize."}
{"timestamp": "2026-01-30T17:28:27.926514+00:00", "level": "INFO", "logger": "waveos.actuator", "message": "Actuator action=ActionType.POWER_THERMAL_CONSTRAINT entity=link/link-3 rationale=Temperature drift detected; apply thermal constraints."}
{"timestamp": "2026-01-30T17:28:27.926599+00:00", "level": "INFO", "logger": "waveos.actuator", "message": "Actuator action=ActionType.REROUTE entity=link/link-4 rationale=Link health is FAIL; recommend reroute."}
{"timestamp": "2026-01-30T17:28:27.926740+00:00", "level": "INFO", "logger": "waveos.actuator", "message": "Actuator action=ActionType.RATE_LIMIT entity=link/link-4 rationale=Degraded link; reduce load to stabilize."}
{"timestamp": "2026-01-30T17:28:27.939044+00:00", "level": "INFO", "logger": "waveos.cli", "message": "Sleeping for 5 seconds before next run"}
{"timestamp": "2026-01-30T17:28:32.943546+00:00", "level": "INFO", "logger": "waveos.cli", "message": "authz principal=local-user role=operator permission=run_pipeline allowed=True"}
{"timestamp": "2026-01-30T17:28:32.945236+00:00", "level": "WARNING", "logger": "waveos.cli", "message": "Config drift detected between baseline and run."}
{"timestamp": "2026-01-30T17:28:32.949321+00:00", "level": "INFO", "logger": "waveos.actuator", "message": "Actuator action=ActionType.REROUTE entity=link/link-2 rationale=Link health is FAIL; recommend reroute."}
{"timestamp": "2026-01-30T17:28:32.949556+00:00", "level": "INFO", "logger": "waveos.actuator", "message": "Actuator action=ActionType.RATE_LIMIT entity=link/link-2 rationale=Degraded link; reduce load to stabilize."}
{"timestamp": "2026-01-30T17:28:32.949749+00:00", "level": "INFO", "logger": "waveos.actuator", "message": "Actuator action=ActionType.REROUTE entity=link/link-3 rationale=Link health is FAIL; recommend reroute."}
{"timestamp": "2026-01-30T17:28:32.949846+00:00", "level": "INFO", "logger": "waveos.actuator", "message": "Actuator action=ActionType.RATE_LIMIT entity=link/link-3 rationale=Degraded link; reduce load to stabilize."}
{"timestamp": "2026-01-30T17:28:32.949933+00:00", "level": "INFO", "logger": "waveos.actuator", "message": "Actuator action=ActionType.POWER_THERMAL_CONSTRAINT entity=link/link-3 rationale=Temperature drift detected; apply thermal constraints."}
{"timestamp": "2026-01-30T17:28:32.950054+00:00", "level": "INFO", "logger": "waveos.actuator", "message": "Actuator action=ActionType.REROUTE entity=link/link-4 rationale=Link health is FAIL; recommend reroute."}
{"timestamp": "2026-01-30T17:28:32.950215+00:00", "level": "INFO", "logger": "waveos.actuator", "message": "Actuator action=ActionType.RATE_LIMIT entity=link/link-4 rationale=Degraded link; reduce load to stabilize."}
{"timestamp": "2026-01-30T17:30:05.341732+00:00", "level": "INFO", "logger": "waveos.proxy", "message": "Proxy enabled mode=http_forward backpressure=True"}
{"timestamp": "2026-01-30T17:30:05.344605+00:00", "level": "INFO", "logger": "waveos.cli", "message": "Proxy serve running; press Ctrl+C to stop."}
{"timestamp": "2026-01-30T17:30:05.344765+00:00", "level": "INFO", "logger": "waveos.proxy", "message": "HTTP proxy listening on 127.0.0.1:9000 -> example.com:80"}
{"timestamp": "2026-01-30T17:32:33.680747+00:00", "level": "WARNING", "logger": "waveos.cli", "message": "Graceful shutdown requested"}
{"timestamp": "2026-01-30T17:32:52.398407+00:00", "level": "INFO", "logger": "waveos.proxy", "message": "Proxy enabled mode=http_forward backpressure=True"}
{"timestamp": "2026-01-30T17:32:52.400531+00:00", "level": "INFO", "logger": "waveos.cli", "message": "Serve running (metrics + proxy); press Ctrl+C to stop."}
{"timestamp": "2026-01-30T17:32:52.400624+00:00", "level": "INFO", "logger": "waveos.proxy", "message": "HTTP proxy listening on 127.0.0.1:9000 -> example.com:80"}
{"timestamp": "2026-01-30T17:32:52.544582+00:00", "level": "WARNING", "logger": "waveos.cli", "message": "Graceful shutdown requested"}
{"timestamp": "2026-01-30T17:33:04.287589+00:00", "level": "WARNING", "logger": "waveos.cli", "message": "Graceful shutdown requested"}
{"timestamp": "2026-01-30T17:43:08.837807+00:00", "level": "INFO", "logger": "waveos.cli", "message": "authz principal=local-user role=operator permission=run_pipeline allowed=True"}
{"timestamp": "2026-01-30T17:43:09.194670+00:00", "level": "INFO", "logger": "waveos.cli", "message": "authz principal=local-user role=operator permission=run_pipeline allowed=True"}
{"timestamp": "2026-01-30T17:43:09.200925+00:00", "level": "INFO", "logger": "waveos.actuator", "message": "Actuator action=ActionType.QOS_PRIORITIZATION entity=link/link-2 rationale=Moderate drift detected; prioritize critical traffic."}
{"timestamp": "2026-01-30T17:43:09.201230+00:00", "level": "INFO", "logger": "waveos.actuator", "message": "Actuator action=ActionType.QOS_PRIORITIZATION entity=link/link-3 rationale=Moderate drift detected; prioritize critical traffic."}
{"timestamp": "2026-01-30T17:43:09.201357+00:00", "level": "INFO", "logger": "waveos.actuator", "message": "Actuator action=ActionType.POWER_THERMAL_CONSTRAINT entity=link/link-3 rationale=Temperature drift detected; apply thermal constraints."}
{"timestamp": "2026-01-30T17:43:09.201446+00:00", "level": "INFO", "logger": "waveos.actuator", "message": "Actuator action=ActionType.REROUTE entity=link/link-4 rationale=Link health is FAIL; recommend reroute."}
{"timestamp": "2026-01-30T17:43:09.201526+00:00", "level": "INFO", "logger": "waveos.actuator", "message": "Actuator action=ActionType.RATE_LIMIT entity=link/link-4 rationale=Degraded link; reduce load to stabilize."}
{"timestamp": "2026-01-30T17:43:09.531162+00:00", "level": "INFO", "logger": "waveos.cli", "message": "authz principal=local-user role=operator permission=view_reports allowed=True"}
{"timestamp": "2026-01-30T17:43:27.948101+00:00", "level": "INFO", "logger": "waveos.cli", "message": "authz principal=local-user role=operator permission=run_pipeline allowed=True"}
{"timestamp": "2026-01-30T17:43:28.277552+00:00", "level": "INFO", "logger": "waveos.cli", "message": "authz principal=local-user role=operator permission=run_pipeline allowed=True"}
{"timestamp": "2026-01-30T17:43:28.282709+00:00", "level": "INFO", "logger": "waveos.actuator", "message": "Actuator action=ActionType.QOS_PRIORITIZATION entity=link/link-2 rationale=Moderate drift detected; prioritize critical traffic."}
{"timestamp": "2026-01-30T17:43:28.282895+00:00", "level": "INFO", "logger": "waveos.actuator", "message": "Actuator action=ActionType.QOS_PRIORITIZATION entity=link/link-3 rationale=Moderate drift detected; prioritize critical traffic."}
{"timestamp": "2026-01-30T17:43:28.282994+00:00", "level": "INFO", "logger": "waveos.actuator", "message": "Actuator action=ActionType.POWER_THERMAL_CONSTRAINT entity=link/link-3 rationale=Temperature drift detected; apply thermal constraints."}
{"timestamp": "2026-01-30T17:43:28.283087+00:00", "level": "INFO", "logger": "waveos.actuator", "message": "Actuator action=ActionType.REROUTE entity=link/link-4 rationale=Link health is FAIL; recommend reroute."}
{"timestamp": "2026-01-30T17:43:28.283162+00:00", "level": "INFO", "logger": "waveos.actuator", "message": "Actuator action=ActionType.RATE_LIMIT entity=link/link-4 rationale=Degraded link; reduce load to stabilize."}
{"timestamp": "2026-01-30T17:43:28.599854+00:00", "level": "INFO", "logger": "waveos.cli", "message": "authz principal=local-user role=operator permission=view_reports allowed=True"}
{"timestamp": "2026-01-30T17:45:12.945331+00:00", "level": "INFO", "logger": "waveos.cli", "message": "authz principal=local-user role=operator permission=run_pipeline allowed=True"}
{"timestamp": "2026-01-30T17:45:13.258764+00:00", "level": "INFO", "logger": "waveos.cli", "message": "authz principal=local-user role=operator permission=run_pipeline allowed=True"}
{"timestamp": "2026-01-30T17:45:13.264544+00:00", "level": "INFO", "logger": "waveos.actuator", "message": "Actuator action=ActionType.QOS_PRIORITIZATION entity=link/link-2 rationale=Moderate drift detected; prioritize critical traffic."}
{"timestamp": "2026-01-30T17:45:13.264724+00:00", "level": "INFO", "logger": "waveos.actuator", "message": "Actuator action=ActionType.QOS_PRIORITIZATION entity=link/link-3 rationale=Moderate drift detected; prioritize critical traffic."}
{"timestamp": "2026-01-30T17:45:13.264831+00:00", "level": "INFO", "logger": "waveos.actuator", "message": "Actuator action=ActionType.POWER_THERMAL_CONSTRAINT entity=link/link-3 rationale=Temperature drift detected; apply thermal constraints."}
{"timestamp": "2026-01-30T17:45:13.265004+00:00", "level": "INFO", "logger": "waveos.actuator", "message": "Actuator action=ActionType.REROUTE entity=link/link-4 rationale=Link health is FAIL; recommend reroute."}
{"timestamp": "2026-01-30T17:45:13.265100+00:00", "level": "INFO", "logger": "waveos.actuator", "message": "Actuator action=ActionType.RATE_LIMIT entity=link/link-4 rationale=Degraded link; reduce load to stabilize."}
{"timestamp": "2026-01-30T17:45:13.575425+00:00", "level": "INFO", "logger": "waveos.cli", "message": "authz principal=local-user role=operator permission=view_reports allowed=True"}
{"timestamp": "2026-01-30T17:51:01.712275+00:00", "level": "INFO", "logger": "waveos.cli", "message": "authz principal=local-user role=operator permission=run_pipeline allowed=True"}
{"timestamp": "2026-01-30T17:51:02.049035+00:00", "level": "INFO", "logger": "waveos.cli", "message": "authz principal=local-user role=operator permission=run_pipeline allowed=True"}
{"timestamp": "2026-01-30T17:51:02.054919+00:00", "level": "INFO", "logger": "waveos.actuator", "message": "Actuator action=ActionType.QOS_PRIORITIZATION entity=link/link-2 rationale=Moderate drift detected; prioritize critical traffic."}
{"timestamp": "2026-01-30T17:51:02.055178+00:00", "level": "INFO", "logger": "waveos.actuator", "message": "Actuator action=ActionType.QOS_PRIORITIZATION entity=link/link-3 rationale=Moderate drift detected; prioritize critical traffic."}
{"timestamp": "2026-01-30T17:51:02.055296+00:00", "level": "INFO", "logger": "waveos.actuator", "message": "Actuator action=ActionType.POWER_THERMAL_CONSTRAINT entity=link/link-3 rationale=Temperature drift detected; apply thermal constraints."}
{"timestamp": "2026-01-30T17:51:02.055404+00:00", "level": "INFO", "logger": "waveos.actuator", "message": "Actuator action=ActionType.REROUTE entity=link/link-4 rationale=Link health is FAIL; recommend reroute."}
{"timestamp": "2026-01-30T17:51:02.055509+00:00", "level": "INFO", "logger": "waveos.actuator", "message": "Actuator action=ActionType.RATE_LIMIT entity=link/link-4 rationale=Degraded link; reduce load to stabilize."}
{"timestamp": "2026-01-30T17:51:02.398496+00:00", "level": "INFO", "logger": "waveos.cli", "message": "authz principal=local-user role=operator permission=view_reports allowed=True"}
{"timestamp": "2026-01-30T17:57:12.708282+00:00", "level": "INFO", "logger": "waveos.cli", "message": "authz principal=local-user role=operator permission=run_pipeline allowed=True"}
{"timestamp": "2026-01-30T17:57:12.714963+00:00", "level": "WARNING", "logger": "waveos.cli", "message": "Config drift detected between baseline and run."}
{"timestamp": "2026-01-30T17:57:12.721355+00:00", "level": "INFO", "logger": "waveos.actuator", "message": "Actuator action=ActionType.REROUTE entity=link/link-1 rationale=Link health is FAIL; recommend reroute."}
{"timestamp": "2026-01-30T17:57:12.721603+00:00", "level": "INFO", "logger": "waveos.actuator", "message": "Actuator action=ActionType.RATE_LIMIT entity=link/link-1 rationale=Degraded link; reduce load to stabilize."}
{"timestamp": "2026-01-30T17:57:12.721942+00:00", "level": "INFO", "logger": "waveos.actuator", "message": "Actuator action=ActionType.REROUTE entity=link/link-2 rationale=Link health is FAIL; recommend reroute."}
{"timestamp": "2026-01-30T17:57:12.722193+00:00", "level": "INFO", "logger": "waveos.actuator", "message": "Actuator action=ActionType.RATE_LIMIT entity=link/link-2 rationale=Degraded link; reduce load to stabilize."}
{"timestamp": "2026-01-30T17:57:12.722327+00:00", "level": "INFO", "logger": "waveos.actuator", "message": "Actuator action=ActionType.REROUTE entity=link/link-3 rationale=Link health is FAIL; recommend reroute."}
{"timestamp": "2026-01-30T17:57:12.722451+00:00", "level": "INFO", "logger": "waveos.actuator", "message": "Actuator action=ActionType.RATE_LIMIT entity=link/link-3 rationale=Degraded link; reduce load to stabilize."}
{"timestamp": "2026-01-30T17:57:12.722560+00:00", "level": "INFO", "logger": "waveos.actuator", "message": "Actuator action=ActionType.POWER_THERMAL_CONSTRAINT entity=link/link-3 rationale=Temperature drift detected; apply thermal constraints."}
{"timestamp": "2026-01-30T17:57:12.722978+00:00", "level": "INFO", "logger": "waveos.actuator", "message": "Actuator action=ActionType.REROUTE entity=link/link-4 rationale=Link health is FAIL; recommend reroute."}
{"timestamp": "2026-01-30T17:57:12.723187+00:00", "level": "INFO", "logger": "waveos.actuator", "message": "Actuator action=ActionType.RATE_LIMIT entity=link/link-4 rationale=Degraded link; reduce load to stabilize."}
{"timestamp": "2026-01-30T17:59:04.565814+00:00", "level": "INFO", "logger": "waveos.cli", "message": "authz principal=local-user role=operator permission=run_pipeline allowed=True"}
{"timestamp": "2026-01-30T17:59:04.881189+00:00", "level": "INFO", "logger": "waveos.cli", "message": "authz principal=local-user role=operator permission=run_pipeline allowed=True"}
{"timestamp": "2026-01-30T17:59:04.886528+00:00", "level": "INFO", "logger": "waveos.actuator", "message": "Actuator action=ActionType.REROUTE entity=link/link-2 rationale=Link health is FAIL; recommend reroute."}
{"timestamp": "2026-01-30T17:59:04.886748+00:00", "level": "INFO", "logger": "waveos.actuator", "message": "Actuator action=ActionType.RATE_LIMIT entity=link/link-2 rationale=Degraded link; reduce load to stabilize."}
{"timestamp": "2026-01-30T17:59:04.886885+00:00", "level": "INFO", "logger": "waveos.actuator", "message": "Actuator action=ActionType.REROUTE entity=link/link-3 rationale=Link health is FAIL; recommend reroute."}
{"timestamp": "2026-01-30T17:59:04.886962+00:00", "level": "INFO", "logger": "waveos.actuator", "message": "Actuator action=ActionType.RATE_LIMIT entity=link/link-3 rationale=Degraded link; reduce load to stabilize."}
{"timestamp": "2026-01-30T17:59:04.887033+00:00", "level": "INFO", "logger": "waveos.actuator", "message": "Actuator action=ActionType.POWER_THERMAL_CONSTRAINT entity=link/link-3 rationale=Temperature drift detected; apply thermal constraints."}
{"timestamp": "2026-01-30T17:59:04.887119+00:00", "level": "INFO", "logger": "waveos.actuator", "message": "Actuator action=ActionType.REROUTE entity=link/link-4 rationale=Link health is FAIL; recommend reroute."}
{"timestamp": "2026-01-30T17:59:04.887196+00:00", "level": "INFO", "logger": "waveos.actuator", "message": "Actuator action=ActionType.RATE_LIMIT entity=link/link-4 rationale=Degraded link; reduce load to stabilize."}
{"timestamp": "2026-01-30T17:59:05.208518+00:00", "level": "INFO", "logger": "waveos.cli", "message": "authz principal=local-user role=operator permission=view_reports allowed=True"}
{"timestamp": "2026-01-30T17:59:19.075450+00:00", "level": "INFO", "logger": "waveos.cli", "message": "authz principal=local-user role=operator permission=run_pipeline allowed=True"}
{"timestamp": "2026-01-30T17:59:19.404869+00:00", "level": "INFO", "logger": "waveos.cli", "message": "authz principal=local-user role=operator permission=run_pipeline allowed=True"}
{"timestamp": "2026-01-30T17:59:19.410292+00:00", "level": "INFO", "logger": "waveos.actuator", "message": "Actuator action=ActionType.REROUTE entity=link/link-2 rationale=Link health is FAIL; recommend reroute."}
{"timestamp": "2026-01-30T17:59:19.411497+00:00", "level": "INFO", "logger": "waveos.actuator", "message": "Actuator action=ActionType.RATE_LIMIT entity=link/link-2 rationale=Degraded link; reduce load to stabilize."}
{"timestamp": "2026-01-30T17:59:19.411633+00:00", "level": "INFO", "logger": "waveos.actuator", "message": "Actuator action=ActionType.REROUTE entity=link/link-3 rationale=Link health is FAIL; recommend reroute."}
{"timestamp": "2026-01-30T17:59:19.411788+00:00", "level": "INFO", "logger": "waveos.actuator", "message": "Actuator action=ActionType.RATE_LIMIT entity=link/link-3 rationale=Degraded link; reduce load to stabilize."}
{"timestamp": "2026-01-30T17:59:19.411986+00:00", "level": "INFO", "logger": "waveos.actuator", "message": "Actuator action=ActionType.POWER_THERMAL_CONSTRAINT entity=link/link-3 rationale=Temperature drift detected; apply thermal constraints."}
{"timestamp": "2026-01-30T17:59:19.412163+00:00", "level": "INFO", "logger": "waveos.actuator", "message": "Actuator action=ActionType.REROUTE entity=link/link-4 rationale=Link health is FAIL; recommend reroute."}
{"timestamp": "2026-01-30T17:59:19.412245+00:00", "level": "INFO", "logger": "waveos.actuator", "message": "Actuator action=ActionType.RATE_LIMIT entity=link/link-4 rationale=Degraded link; reduce load to stabilize."}
{"timestamp": "2026-01-30T17:59:19.743550+00:00", "level": "INFO", "logger": "waveos.cli", "message": "authz principal=local-user role=operator permission=view_reports allowed=True"}
{"timestamp": "2026-01-30T18:25:58.983231+00:00", "level": "INFO", "logger": "waveos.cli", "message": "authz principal=local-user role=operator permission=run_pipeline allowed=True"}
{"timestamp": "2026-01-30T18:25:59.289759+00:00", "level": "INFO", "logger": "waveos.cli", "message": "authz principal=local-user role=operator permission=run_pipeline allowed=True"}
{"timestamp": "2026-01-30T18:25:59.295539+00:00", "level": "INFO", "logger": "waveos.actuator", "message": "Actuator action=ActionType.QOS_PRIORITIZATION entity=link/link-1 rationale=Moderate drift detected; prioritize critical traffic."}
{"timestamp": "2026-01-30T18:25:59.295717+00:00", "level": "INFO", "logger": "waveos.actuator", "message": "Actuator action=ActionType.REROUTE entity=link/link-4 rationale=Link health is FAIL; recommend reroute."}
{"timestamp": "2026-01-30T18:25:59.295812+00:00", "level": "INFO", "logger": "waveos.actuator", "message": "Actuator action=ActionType.RATE_LIMIT entity=link/link-4 rationale=Degraded link; reduce load to stabilize."}
{"timestamp": "2026-01-30T18:25:59.611664+00:00", "level": "INFO", "logger": "waveos.cli", "message": "authz principal=local-user role=operator permission=view_reports allowed=True"}
